

Version:	3.14
CmdLine:	C:\Users\Eugene\Documents\javaFXtests\dbtest\dbtest.exe --l4j-debug
WOW64:		yes
Working dir:	C:\Users\Eugene\Documents\javaFXtests\dbtest\.
Java min ver:	
Java max ver:	
Bundled JRE(s):	C:\Users\Eugene\Documents\javaFXtest\dbtest\jre
Check launcher:	C:\Users\Eugene\Documents\javaFXtest\dbtest\jre\bin\javaw.exe (not found)
Error msg:	This application requires a Java Runtime Environment.


Version:	3.14
CmdLine:	C:\Users\Eugene\Documents\javaFXtests\dbtest\dbtest.exe --l4j-debug
WOW64:		yes
Working dir:	C:\Users\Eugene\Documents\javaFXtests\dbtest\.
Java min ver:	
Java max ver:	
Bundled JRE(s):	C:\Users\Eugene\Documents\javaFXtest\dbtest\jre
Check launcher:	C:\Users\Eugene\Documents\javaFXtest\dbtest\jre\bin\javaw.exe (not found)
Error msg:	This application requires a Java Runtime Environment.


Version:	3.14
CmdLine:	C:\Users\Eugene\Documents\javaFXtests\dbtest\dbtest.exe --l4j-debug
WOW64:		yes
Working dir:	C:\Users\Eugene\Documents\javaFXtests\dbtest\.
Java min ver:	
Java max ver:	
Substitute:	JAVA_HOME = C:\Java\azul
Bundled JRE(s):	C:\Java\azul\bin
Check launcher:	C:\Java\azul\bin\javaw.exe (OK)
Launcher:	C:\Java\azul\bin\javaw.exe
Launcher args:	-jar "C:\Users\Eugene\Documents\javaFXtests\dbtest\dbtest.exe"
Args length:	62/32768 chars
Exit code:	0


Version:	3.14
CmdLine:	C:\Users\Eugene\Documents\javaFXtests\dbtest\dbtest.exe --l4j-debug
WOW64:		yes
Working dir:	C:\Users\Eugene\Documents\javaFXtests\dbtest\.
Java min ver:	
Java max ver:	
Bundled JRE(s):	jre\bin
Check launcher:	C:\Users\Eugene\Documents\javaFXtests\dbtest\jre\bin\javaw.exe (OK)
Launcher:	C:\Users\Eugene\Documents\javaFXtests\dbtest\jre\bin\javaw.exe
Launcher args:	-jar "C:\Users\Eugene\Documents\javaFXtests\dbtest\dbtest.exe"
Args length:	62/32768 chars
Exit code:	0
